<?xml version="1.0" encoding="utf-8"?>
<shfbBuild product="Sandcastle Help File Builder and Tools" version="2023.7.8.0" projectFile="C:\JITT\Software Development\Projects\Community\fluent-calculations-primitives\src\Fluent.Calculations.Primitives.Sandcatle\Fluent.Calculations.Primitives.Sandcastle.shfbproj" started="16.02.2024 21:02:54">
<buildStep step="Initializing">
The Sandcastle tools are located in &#39;C:\Program Files (x86)\EWSoftware\Sandcastle Help File Builder&#39;
Locating components in the following folder(s):
    C:\JITT\Software Development\Projects\Community\fluent-calculations-primitives\src\
    C:\JITT\Software Development\Projects\Community\fluent-calculations-primitives\src\Fluent.Calculations.Primitives.Sandcatle
    C:\ProgramData\EWSoftware\Sandcastle Help File Builder\Components and Plug-Ins
    C:\Program Files (x86)\EWSoftware\Sandcastle Help File Builder\Components
Using framework reflection data for &#39;.NET Core/.NET Standard/.NET 5.0+&#39; located in &#39;C:\Program Files (x86)\EWSoftware\Sandcastle Help File Builder\Data\.NET&#39;
Using presentation style &#39;Default2022&#39; located in &#39;C:\Program Files (x86)\EWSoftware\Sandcastle Help File Builder\Components\Default2022&#39;
Loading and initializing plug-ins...
Website Table of Contents Generator Version 2023.7.8.0
Copyright &#169; 2006-2023, Eric Woodruff, All Rights Reserved
-------------------------------
Clearing any prior web/markdown output...
</buildStep>
<buildStep step="ValidatingDocumentationSources">
Validating and copying documentation source information
Source: C:\JITT\Software Development\Projects\Community\fluent-calculations-primitives\src\Fluent.Calculations.Primitives\Fluent.Calculations.Primitives.csproj
    Found project &#39;C:\JITT\Software Development\Projects\Community\fluent-calculations-primitives\src\Fluent.Calculations.Primitives\Fluent.Calculations.Primitives.csproj&#39;

Parsing project files
    Found assembly &#39;C:\JITT\Software Development\Projects\Community\fluent-calculations-primitives\src\Fluent.Calculations.Primitives\bin\Debug\net8.0\Fluent.Calculations.Primitives.dll&#39; (.NETCoreApp 8.0)

References to include:
    Microsoft.CSharp
    Microsoft.VisualBasic
    Microsoft.VisualBasic.Core
    Microsoft.Win32.Primitives
    Microsoft.Win32.Registry
    mscorlib
    netstandard
    System
    System.AppContext
    System.Buffers
    System.Collections
    System.Collections.Concurrent
    System.Collections.Immutable
    System.Collections.NonGeneric
    System.Collections.Specialized
    System.ComponentModel
    System.ComponentModel.Annotations
    System.ComponentModel.DataAnnotations
    System.ComponentModel.EventBasedAsync
    System.ComponentModel.Primitives
    System.ComponentModel.TypeConverter
    System.Configuration
    System.Console
    System.Core
    System.Data
    System.Data.Common
    System.Data.DataSetExtensions
    System.Diagnostics.Contracts
    System.Diagnostics.Debug
    System.Diagnostics.DiagnosticSource
    System.Diagnostics.FileVersionInfo
    System.Diagnostics.Process
    System.Diagnostics.StackTrace
    System.Diagnostics.TextWriterTraceListener
    System.Diagnostics.Tools
    System.Diagnostics.TraceSource
    System.Diagnostics.Tracing
    System.Dynamic.Runtime
    System.Drawing
    System.Drawing.Primitives
    System.Formats.Asn1
    System.Formats.Tar
    System.Globalization
    System.Globalization.Calendars
    System.Globalization.Extensions
    System.IO
    System.IO.Compression
    System.IO.Compression.Brotli
    System.IO.Compression.FileSystem
    System.IO.Compression.ZipFile
    System.IO.FileSystem
    System.IO.FileSystem.AccessControl
    System.IO.FileSystem.DriveInfo
    System.IO.FileSystem.Primitives
    System.IO.FileSystem.Watcher
    System.IO.IsolatedStorage
    System.IO.MemoryMappedFiles
    System.IO.Pipes
    System.IO.Pipes.AccessControl
    System.IO.UnmanagedMemoryStream
    System.Linq
    System.Linq.Expressions
    System.Linq.Parallel
    System.Linq.Queryable
    System.Memory
    System.Net
    System.Net.Http
    System.Net.Http.Json
    System.Net.HttpListener
    System.Net.Mail
    System.Net.NameResolution
    System.Net.NetworkInformation
    System.Net.Ping
    System.Net.Primitives
    System.Net.Quic
    System.Net.Requests
    System.Net.Security
    System.Net.ServicePoint
    System.Net.Sockets
    System.Net.WebClient
    System.Net.WebHeaderCollection
    System.Net.WebProxy
    System.Net.WebSockets
    System.Net.WebSockets.Client
    System.Numerics
    System.Numerics.Vectors
    System.ObjectModel
    System.Reflection
    System.Reflection.DispatchProxy
    System.Reflection.Emit
    System.Reflection.Emit.ILGeneration
    System.Reflection.Emit.Lightweight
    System.Reflection.Extensions
    System.Reflection.Metadata
    System.Reflection.Primitives
    System.Reflection.TypeExtensions
    System.Resources.Reader
    System.Resources.ResourceManager
    System.Resources.Writer
    System.Runtime
    System.Runtime.CompilerServices.Unsafe
    System.Runtime.CompilerServices.VisualC
    System.Runtime.Extensions
    System.Runtime.Handles
    System.Runtime.InteropServices
    System.Runtime.InteropServices.JavaScript
    System.Runtime.InteropServices.RuntimeInformation
    System.Runtime.Intrinsics
    System.Runtime.Loader
    System.Runtime.Numerics
    System.Runtime.Serialization
    System.Runtime.Serialization.Formatters
    System.Runtime.Serialization.Json
    System.Runtime.Serialization.Primitives
    System.Runtime.Serialization.Xml
    System.Security
    System.Security.AccessControl
    System.Security.Claims
    System.Security.Cryptography
    System.Security.Cryptography.Algorithms
    System.Security.Cryptography.Cng
    System.Security.Cryptography.Csp
    System.Security.Cryptography.Encoding
    System.Security.Cryptography.OpenSsl
    System.Security.Cryptography.Primitives
    System.Security.Cryptography.X509Certificates
    System.Security.Principal
    System.Security.Principal.Windows
    System.Security.SecureString
    System.ServiceModel.Web
    System.ServiceProcess
    System.Text.Encoding
    System.Text.Encoding.CodePages
    System.Text.Encoding.Extensions
    System.Text.Encodings.Web
    System.Text.Json
    System.Text.RegularExpressions
    System.Threading
    System.Threading.Channels
    System.Threading.Overlapped
    System.Threading.Tasks
    System.Threading.Tasks.Dataflow
    System.Threading.Tasks.Extensions
    System.Threading.Tasks.Parallel
    System.Threading.Thread
    System.Threading.ThreadPool
    System.Threading.Timer
    System.Transactions
    System.Transactions.Local
    System.ValueTuple
    System.Web
    System.Web.HttpUtility
    System.Windows
    System.Xml
    System.Xml.Linq
    System.Xml.ReaderWriter
    System.Xml.Serialization
    System.Xml.XDocument
    System.Xml.XmlDocument
    System.Xml.XmlSerializer
    System.Xml.XPath
    System.Xml.XPath.XDocument
    WindowsBase

Copying XML comments files
    C:\JITT\Software Development\Projects\Community\fluent-calculations-primitives\src\Fluent.Calculations.Primitives\bin\Debug\net8.0\Fluent.Calculations.Primitives.xml -&gt; C:\JITT\Software Development\Projects\Community\fluent-calculations-primitives-help-output\Working\Fluent.Calculations.Primitives.xml
</buildStep>
<buildStep step="GenerateSharedContent">
Generating shared content files (en-US, English (United States))...
    Last step completed in 00:00:00.0070
</buildStep>
<buildStep step="GenerateApiFilter">
Generating API filter for MRefBuilder...
    Last step completed in 00:00:00.0109
</buildStep>
<buildStep step="GenerateReflectionInfo">
Generating reflection information...
[C:\Program Files\Microsoft Visual Studio\2022\Community\MSBuild\Current\Bin\amd64\MSBuild.exe - GenerateRefInfo-296be72b-3396-4e42-88d1-6c6bb93389ef.proj]
Build started 16.02.2024 21:03:01.

Project &quot;C:\JITT\Software Development\Projects\Community\fluent-calculations-primitives-help-output\Working\GenerateRefInfo-296be72b-3396-4e42-88d1-6c6bb93389ef.proj&quot; on node 1 (default targets).
PrepareForBuild:
  Creating directory &quot;obj\Debug\&quot;.
GenerateRefInfo:
  Microsoft.Build (v17.8.3+195e7f5a3a8e51c37d83cd9e54cb99dc3fc69c22)
  c Microsoft Corporation. All rights reserved.
  Found a current program database (PDB) file for &#39;C:\JITT\Software Development\Projects\Community\fluent-calculations-primitives\src\Fluent.Calculations.Primitives\bin\Debug\net8.0\Fluent.Calculations.Primitives.dll&#39;.
  Loaded 1 assemblies for reflection and 167 dependency assemblies.
  Wrote information on 6 namespaces, 39 types, and 203 members
  Merging duplicate type and member information
  Merged 0 duplicate type(s) and 0 duplicate member(s)
Done Building Project &quot;C:\JITT\Software Development\Projects\Community\fluent-calculations-primitives-help-output\Working\GenerateRefInfo-296be72b-3396-4e42-88d1-6c6bb93389ef.proj&quot; (default targets).
    Last step completed in 00:00:03.2968
</buildStep>
<buildStep step="ApplyDocumentModel">
Applying document model to reflection output...
    Last step completed in 00:00:00.0759
</buildStep>
<buildStep step="AddNamespaceGroups">
Adding namespace group entries...
Added 1 namespace group entries
    Last step completed in 00:00:00.0260
</buildStep>
<buildStep step="AddApiTopicFilenames">
Adding topic filenames to API members...
    Unique name AEAE7585 generated for M:Fluent.Calculations.Primitives.EvaluationScope.#ctor(Fluent.Calculations.Primitives.EvaluationOptions)
    Unique name 23497585 generated for M:Fluent.Calculations.Primitives.EvaluationScope.#ctor(System.String)
    Unique name 1C9B23A2 generated for M:Fluent.Calculations.Primitives.EvaluationScope`1.#ctor(Fluent.Calculations.Primitives.EvaluationOptions)
    Unique name 1C9E23A2 generated for M:Fluent.Calculations.Primitives.EvaluationScope`1.#ctor(System.Func{Fluent.Calculations.Primitives.EvaluationScope{`0},`0})
    Unique name 1C9D23A2 generated for M:Fluent.Calculations.Primitives.EvaluationScope`1.#ctor(System.String)
    Unique name 5B0AC2C3 generated for M:Fluent.Calculations.Primitives.SwitchExpression`2.CaseBuilder.Default(System.Func{`1},System.String)
    Unique name EF624AB6 generated for M:Fluent.Calculations.Primitives.SwitchExpression`2.ReturnBuilder.Return(System.Func{`1},System.String)
    Unique name 7CEA0441 generated for M:Fluent.Calculations.Primitives.BaseTypes.Condition.#ctor(Fluent.Calculations.Primitives.BaseTypes.MakeValueArgs)
    Unique name F0ABF44F generated for M:Fluent.Calculations.Primitives.BaseTypes.Condition.False(System.String,System.String)
    Unique name 86EB8C2C generated for M:Fluent.Calculations.Primitives.BaseTypes.Condition.op_Implicit(System.Boolean)~Fluent.Calculations.Primitives.BaseTypes.Condition
    Unique name 8F5AC0EE generated for M:Fluent.Calculations.Primitives.BaseTypes.Condition.True(System.String,System.String)
    Unique name 5BDB7FC0 generated for M:Fluent.Calculations.Primitives.BaseTypes.Number.#ctor(Fluent.Calculations.Primitives.BaseTypes.MakeValueArgs)
    Unique name 5BDB7FBF generated for M:Fluent.Calculations.Primitives.BaseTypes.Number.#ctor(Fluent.Calculations.Primitives.BaseTypes.Number)
    Unique name 8FDFB728 generated for M:Fluent.Calculations.Primitives.BaseTypes.Number.Of(System.Decimal,System.String,System.String)
    Unique name EB193DB6 generated for M:Fluent.Calculations.Primitives.BaseTypes.Number.op_Implicit(System.Int32)~Fluent.Calculations.Primitives.BaseTypes.Number
    Unique name 759CB31A generated for M:Fluent.Calculations.Primitives.BaseTypes.Option`1.op_Implicit(`0)~Fluent.Calculations.Primitives.BaseTypes.Option{`0}
    Unique name 319505BF generated for M:Fluent.Calculations.Primitives.BaseTypes.Value.#ctor(Fluent.Calculations.Primitives.BaseTypes.Value)
    Unique name A8186AC generated for M:Fluent.Calculations.Primitives.BaseTypes.Value.Equals(System.Object)
    Last step completed in 00:00:00.0369
</buildStep>
<buildStep step="GenerateApiTopicManifest">
Generating API topic manifest...
    Last step completed in 00:00:00.0110
</buildStep>
<buildStep step="GenerateNamespaceSummaries">
Generating namespace summary information...
    Last step completed in 00:00:00.8359
</buildStep>
<buildStep step="CopyAdditionalContent">
Copying additional content files...
C:\JITT\Software Development\Projects\Community\fluent-calculations-primitives\src\Fluent.Calculations.Primitives.Sandcatle\icons\favicon.ico -&gt; C:\JITT\Software Development\Projects\Community\fluent-calculations-primitives-help-output\Working\Output\Website\icons\favicon.ico
C:\JITT\Software Development\Projects\Community\fluent-calculations-primitives\src\Fluent.Calculations.Primitives.Sandcatle\icons\fluent-calculations-logo-128x128.png -&gt; C:\JITT\Software Development\Projects\Community\fluent-calculations-primitives-help-output\Working\Output\Website\icons\fluent-calculations-logo-128x128.png
    Last step completed in 00:00:00.0180
</buildStep>
<buildStep step="MergeTablesOfContents">
Merging conceptual and additional tables of contents...
    Last step completed in 00:00:00.0000
</buildStep>
<buildStep step="GenerateIntermediateTableOfContents">
Generating intermediate table of contents file for API content...
Generating conceptual content intermediate TOC file...
    Last step completed in 00:00:00.0329
</buildStep>
<buildStep step="CreateBuildAssemblerConfigs">
Creating Sandcastle configuration files...
    Last step completed in 00:00:00.8782
</buildStep>
<buildStep step="CombiningIntermediateTocFiles">
Combining conceptual and API intermediate TOC files...
    Last step completed in 00:00:00.0419
</buildStep>
<buildStep step="MergeCustomConfigs">
Merging custom build component configurations
C:\JITT\Software Development\Projects\Community\fluent-calculations-primitives-help-output\Working\BuildAssembler.config
  Updating reference topic configurations.
    Replacing default configuration for &#39;Code Block Component&#39; with the custom configuration
  No conceptual content.  Removing conceptual content components.
    Last step completed in 00:00:00.0382
</buildStep>
<buildStep step="BuildTopics">
Building help topics...
<plugIn name="Website Table of Contents Generator" behavior="Before" priority="1000">
Loading TOC info and adding unique IDs to parent nodes
</plugIn>Loading configuration...
Processing topics...
SHFB: Warning BE0066: ResolveReferenceLinksComponent: [T:Fluent.Calculations.Primitives.BaseTypes.Value] Unknown reference link target &#39;!:Values&#39;.
SHFB: Warning BE0066: ResolveReferenceLinksComponent: [T:Fluent.Calculations.Primitives.BaseTypes.Value] Invalid reference link target &#39;!:Values&#39;.
SHFB: Warning BE0066: ResolveReferenceLinksComponent: [Overload:Fluent.Calculations.Primitives.BaseTypes.Value.#ctor] Unknown reference link target &#39;!:Values&#39;.
SHFB: Warning BE0066: ResolveReferenceLinksComponent: [Overload:Fluent.Calculations.Primitives.BaseTypes.Value.#ctor] Invalid reference link target &#39;!:Values&#39;.
SHFB: Warning BE0066: ResolveReferenceLinksComponent: [M:Fluent.Calculations.Primitives.BaseTypes.Value.#ctor(Fluent.Calculations.Primitives.BaseTypes.MakeValueArgs)] Unknown reference link target &#39;!:Values&#39;.
SHFB: Warning BE0066: ResolveReferenceLinksComponent: [M:Fluent.Calculations.Primitives.BaseTypes.Value.#ctor(Fluent.Calculations.Primitives.BaseTypes.MakeValueArgs)] Invalid reference link target &#39;!:Values&#39;.
Processed 312 topic(s)
6 warning(s)
CopyFromIndexComponent: &quot;reflection&quot; in-memory cache entries used: 6 of 15.
CopyFromIndexComponent: &quot;comments&quot; in-memory cache entries used: 1 of 30.
<plugIn name="Website Table of Contents Generator" behavior="After" priority="1000">
Generating TOC fragment files
</plugIn>    Last step completed in 00:00:08.5406
</buildStep>
<buildStep step="CopyStandardHelpContent">
Copying standard help content...
C:\Program Files (x86)\EWSoftware\Sandcastle Help File Builder\Components\Default2022\css\bulma.css -&gt; C:\JITT\Software Development\Projects\Community\fluent-calculations-primitives-help-output\Working\Output\Website\css\bulma.css
C:\Program Files (x86)\EWSoftware\Sandcastle Help File Builder\Components\Default2022\css\bulma.css.map -&gt; C:\JITT\Software Development\Projects\Community\fluent-calculations-primitives-help-output\Working\Output\Website\css\bulma.css.map
C:\Program Files (x86)\EWSoftware\Sandcastle Help File Builder\Components\Default2022\css\bulma.min.css -&gt; C:\JITT\Software Development\Projects\Community\fluent-calculations-primitives-help-output\Working\Output\Website\css\bulma.min.css
C:\Program Files (x86)\EWSoftware\Sandcastle Help File Builder\Components\Default2022\css\font-awesome.css -&gt; C:\JITT\Software Development\Projects\Community\fluent-calculations-primitives-help-output\Working\Output\Website\css\font-awesome.css
C:\Program Files (x86)\EWSoftware\Sandcastle Help File Builder\Components\Default2022\css\font-awesome.min.css -&gt; C:\JITT\Software Development\Projects\Community\fluent-calculations-primitives-help-output\Working\Output\Website\css\font-awesome.min.css
C:\Program Files (x86)\EWSoftware\Sandcastle Help File Builder\Components\Default2022\css\ja-JP.css -&gt; C:\JITT\Software Development\Projects\Community\fluent-calculations-primitives-help-output\Working\Output\Website\css\ja-JP.css
C:\Program Files (x86)\EWSoftware\Sandcastle Help File Builder\Components\Default2022\css\ko-KR.css -&gt; C:\JITT\Software Development\Projects\Community\fluent-calculations-primitives-help-output\Working\Output\Website\css\ko-KR.css
C:\Program Files (x86)\EWSoftware\Sandcastle Help File Builder\Components\Default2022\css\presentationStyle.css -&gt; C:\JITT\Software Development\Projects\Community\fluent-calculations-primitives-help-output\Working\Output\Website\css\presentationStyle.css
C:\Program Files (x86)\EWSoftware\Sandcastle Help File Builder\Components\Default2022\css\vs.min.css -&gt; C:\JITT\Software Development\Projects\Community\fluent-calculations-primitives-help-output\Working\Output\Website\css\vs.min.css
C:\Program Files (x86)\EWSoftware\Sandcastle Help File Builder\Components\Default2022\css\zh-CN.css -&gt; C:\JITT\Software Development\Projects\Community\fluent-calculations-primitives-help-output\Working\Output\Website\css\zh-CN.css
C:\Program Files (x86)\EWSoftware\Sandcastle Help File Builder\Components\Default2022\css\zh-TW.css -&gt; C:\JITT\Software Development\Projects\Community\fluent-calculations-primitives-help-output\Working\Output\Website\css\zh-TW.css
C:\Program Files (x86)\EWSoftware\Sandcastle Help File Builder\Components\Default2022\scripts\clipboard.min.js -&gt; C:\JITT\Software Development\Projects\Community\fluent-calculations-primitives-help-output\Working\Output\Website\scripts\clipboard.min.js
C:\Program Files (x86)\EWSoftware\Sandcastle Help File Builder\Components\Default2022\scripts\highlight.min.js -&gt; C:\JITT\Software Development\Projects\Community\fluent-calculations-primitives-help-output\Working\Output\Website\scripts\highlight.min.js
C:\Program Files (x86)\EWSoftware\Sandcastle Help File Builder\Components\Default2022\scripts\jquery-3.5.1.min.js -&gt; C:\JITT\Software Development\Projects\Community\fluent-calculations-primitives-help-output\Working\Output\Website\scripts\jquery-3.5.1.min.js
C:\Program Files (x86)\EWSoftware\Sandcastle Help File Builder\Components\Default2022\scripts\presentationStyle.js -&gt; C:\JITT\Software Development\Projects\Community\fluent-calculations-primitives-help-output\Working\Output\Website\scripts\presentationStyle.js
C:\Program Files (x86)\EWSoftware\Sandcastle Help File Builder\Components\Default2022\webfonts\fa-brands-400.ttf -&gt; C:\JITT\Software Development\Projects\Community\fluent-calculations-primitives-help-output\Working\Output\Website\webfonts\fa-brands-400.ttf
C:\Program Files (x86)\EWSoftware\Sandcastle Help File Builder\Components\Default2022\webfonts\fa-brands-400.woff2 -&gt; C:\JITT\Software Development\Projects\Community\fluent-calculations-primitives-help-output\Working\Output\Website\webfonts\fa-brands-400.woff2
C:\Program Files (x86)\EWSoftware\Sandcastle Help File Builder\Components\Default2022\webfonts\fa-regular-400.ttf -&gt; C:\JITT\Software Development\Projects\Community\fluent-calculations-primitives-help-output\Working\Output\Website\webfonts\fa-regular-400.ttf
C:\Program Files (x86)\EWSoftware\Sandcastle Help File Builder\Components\Default2022\webfonts\fa-regular-400.woff2 -&gt; C:\JITT\Software Development\Projects\Community\fluent-calculations-primitives-help-output\Working\Output\Website\webfonts\fa-regular-400.woff2
C:\Program Files (x86)\EWSoftware\Sandcastle Help File Builder\Components\Default2022\webfonts\fa-solid-900.ttf -&gt; C:\JITT\Software Development\Projects\Community\fluent-calculations-primitives-help-output\Working\Output\Website\webfonts\fa-solid-900.ttf
C:\Program Files (x86)\EWSoftware\Sandcastle Help File Builder\Components\Default2022\webfonts\fa-solid-900.woff2 -&gt; C:\JITT\Software Development\Projects\Community\fluent-calculations-primitives-help-output\Working\Output\Website\webfonts\fa-solid-900.woff2
C:\Program Files (x86)\EWSoftware\Sandcastle Help File Builder\Components\Default2022\webfonts\fa-v4compatibility.ttf -&gt; C:\JITT\Software Development\Projects\Community\fluent-calculations-primitives-help-output\Working\Output\Website\webfonts\fa-v4compatibility.ttf
C:\Program Files (x86)\EWSoftware\Sandcastle Help File Builder\Components\Default2022\webfonts\fa-v4compatibility.woff2 -&gt; C:\JITT\Software Development\Projects\Community\fluent-calculations-primitives-help-output\Working\Output\Website\webfonts\fa-v4compatibility.woff2
C:\Program Files (x86)\EWSoftware\Sandcastle Help File Builder\Components\Default2022\RootWebsiteContent\GeneralError.html -&gt; C:\JITT\Software Development\Projects\Community\fluent-calculations-primitives-help-output\Working\Output\Website\GeneralError.html
C:\Program Files (x86)\EWSoftware\Sandcastle Help File Builder\Components\Default2022\RootWebsiteContent\index.html -&gt; C:\JITT\Software Development\Projects\Community\fluent-calculations-primitives-help-output\Working\Output\Website\index.html
C:\Program Files (x86)\EWSoftware\Sandcastle Help File Builder\Components\Default2022\RootWebsiteContent\PageNotFound.html -&gt; C:\JITT\Software Development\Projects\Community\fluent-calculations-primitives-help-output\Working\Output\Website\PageNotFound.html
C:\Program Files (x86)\EWSoftware\Sandcastle Help File Builder\Components\Default2022\RootWebsiteContent\search.html -&gt; C:\JITT\Software Development\Projects\Community\fluent-calculations-primitives-help-output\Working\Output\Website\search.html
C:\Program Files (x86)\EWSoftware\Sandcastle Help File Builder\Components\Default2022\RootWebsiteContent\SearchHelp.aspx -&gt; C:\JITT\Software Development\Projects\Community\fluent-calculations-primitives-help-output\Working\Output\Website\SearchHelp.aspx
C:\Program Files (x86)\EWSoftware\Sandcastle Help File Builder\Components\Default2022\RootWebsiteContent\SearchHelp.inc.php -&gt; C:\JITT\Software Development\Projects\Community\fluent-calculations-primitives-help-output\Working\Output\Website\SearchHelp.inc.php
C:\Program Files (x86)\EWSoftware\Sandcastle Help File Builder\Components\Default2022\RootWebsiteContent\SearchHelp.php -&gt; C:\JITT\Software Development\Projects\Community\fluent-calculations-primitives-help-output\Working\Output\Website\SearchHelp.php
C:\Program Files (x86)\EWSoftware\Sandcastle Help File Builder\Components\Default2022\RootWebsiteContent\Web.Config -&gt; C:\JITT\Software Development\Projects\Community\fluent-calculations-primitives-help-output\Working\Output\Website\Web.Config
    Last step completed in 00:00:00.2301
</buildStep>
<buildStep step="GenerateFullTextIndex">
Generating full-text index for the website...

    Last step completed in 00:00:00.2506
</buildStep>
<buildStep step="CopyingWebsiteFiles">
Copying website files to output folder...

Copied 481 files for the website content
    Last step completed in 00:00:00.6877
</buildStep>
<buildStep step="CleanIntermediates">
Removing intermediate files...
    Last step completed in 00:00:00.1978
</buildStep>
<buildStep step="Completed">

Build completed successfully at 16.02.2024 21:03:16.  Total time: 00:00:21.9561

</buildStep>
</shfbBuild>
